2014-04-14T18:11:42+02:00 Test
2014-04-14T18:12:02+02:00 
2014-04-14T18:13:24+02:00 
2014-04-14T18:20:14+02:00 undefined
2014-04-14T18:20:53+02:00 1
2014-04-14T18:21:13+02:00 1
2014-04-14T18:21:52+02:00 1
2014-04-14T18:25:31+02:00 a6c4095635857d3dc54e40ffc99c94a378606059aab9a886143e5c27451e5a36
2014-04-14T18:26:17+02:00 a6c4095635857d3dc54e40ffc99c94a378606059aab9a886143e5c27451e5a36
2014-04-14T18:28:17+02:00 INSERT INTO PushQueue (device_token, payload, time_queued) VALUES (a6c4095635857d3dc54e40ffc99c94a378606059aab9a886143e5c27451e5a36, '{"aps":{"alert":"Your order is ready for pick up at Macs Place","sound":"default"}}', CURRENT_TIMESTAMP())
2014-04-14T18:28:38+02:00 INSERT INTO PushQueue (device_token, payload, time_queued) VALUES ('a6c4095635857d3dc54e40ffc99c94a378606059aab9a886143e5c27451e5a36', '{"aps":{"alert":"Your order is ready for pick up at Macs Place","sound":"default"}}', CURRENT_TIMESTAMP())
2014-04-14T18:28:52+02:00 INSERT INTO PushQueue (device_token, payload, time_queued) VALUES ('a6c4095635857d3dc54e40ffc99c94a378606059aab9a886143e5c27451e5a36', '{"aps":{"alert":"Your order is ready for pick up at Macs Place","sound":"default"}}', CURRENT_TIMESTAMP())
2014-04-14T18:29:20+02:00 INSERT INTO PushQueue (device_token, payload, time_queued) VALUES ('a6c4095635857d3dc54e40ffc99c94a378606059aab9a886143e5c27451e5a36', '{"aps":{"alert":"Your order is ready for pick up at Macs Place","sound":"default"}}', CURRENT_TIMESTAMP())
2014-04-14T18:49:02+02:00 chicken
2014-04-19T23:40:45+02:00 SELECT * FROM Orders WHERE (timePlaced >= '2014-03-30 12:04:03' AND timePlaced <= '2014-04-30 12:04:03') AND (base_id=1 OR bread_id=1 OR fry_id=1)
2014-04-19T23:40:47+02:00 SELECT * FROM Orders WHERE (timePlaced >= '2014-03-30 12:04:03' AND timePlaced <= '2014-04-30 12:04:03') AND (base_id=1 OR bread_id=1 OR fry_id=1)
2014-04-19T23:40:49+02:00 SELECT * FROM Orders WHERE (timePlaced >= '2014-03-30 12:04:03' AND timePlaced <= '2014-04-30 12:04:03') AND (base_id=1 OR bread_id=1 OR fry_id=1)
2014-04-19T23:42:26+02:00 SELECT * FROM Orders WHERE (timePlaced >= '2014-03-30 12:04:03' AND timePlaced <= '2014-04-30 12:04:03') AND (base_id=1 OR bread_id=1 OR fry_id=1)
2014-04-19T23:46:47+02:00 SELECT * FROM Orders WHERE (timePlaced >= '2014-03-30 12:04:03' AND timePlaced <= '2014-04-30 12:04:03') AND (base_id=1 OR bread_id=1 OR fry_id=1)
2014-04-19T23:46:56+02:00 SELECT * FROM Orders WHERE (timePlaced >= '2014-03-30 12:04:03' AND timePlaced <= '2014-04-30 12:04:03') AND (base_id=1 OR bread_id=1 OR fry_id=1)
2014-04-19T23:52:22+02:00 SELECT * FROM Orders WHERE (timePlaced >= '2014-03-30 12:04:03' AND timePlaced <= '2014-04-30 12:04:03') AND (base_id=1 OR bread_id=1 OR fry_id=1)
2014-04-19T23:52:30+02:00 SELECT * FROM Orders WHERE (timePlaced >= '2014-03-30 12:04:03' AND timePlaced <= '2014-04-30 12:04:03') AND (base_id=1 OR bread_id=1 OR fry_id=1)
2014-04-19T23:53:21+02:00 SELECT * FROM Orders WHERE (timePlaced >= '2014-03-30 12:04:03' AND timePlaced <= '2014-04-30 12:04:03') AND (base_id=1 OR bread_id=1 OR fry_id=1)
2014-04-19T23:53:40+02:00 SELECT * FROM Orders WHERE (timePlaced >= '2014-03-30 12:04:03' AND timePlaced <= '2014-04-30 12:04:03') AND (base_id=1 OR bread_id=1 OR fry_id=1)
2014-04-19T23:55:42+02:00 SELECT * FROM Orders WHERE (timePlaced >= '2014-03-30 12:04:03' AND timePlaced <= '2014-04-30 12:04:03') AND (base_id=1 OR bread_id=1 OR fry_id=1)
2014-04-19T23:55:50+02:00 SELECT * FROM Orders WHERE (timePlaced >= '2014-03-30 12:04:03' AND timePlaced <= '2014-04-30 12:04:03') AND (base_id=1 OR bread_id=1 OR fry_id=1)
2014-04-19T23:57:32+02:00 SELECT * FROM Orders WHERE (timePlaced >= '2014-03-30 12:04:03' AND timePlaced <= '2014-04-30 12:04:03') AND (base_id=1 OR bread_id=1 OR fry_id=1)
2014-04-19T23:57:39+02:00 SELECT * FROM Orders WHERE (timePlaced >= '2014-03-30 12:04:03' AND timePlaced <= '2014-04-30 12:04:03') AND (base_id=1 OR bread_id=1 OR fry_id=1)
2014-04-19T23:59:16+02:00 SELECT * FROM Orders WHERE (timePlaced >= '2014-03-30 12:04:03' AND timePlaced <= '2014-04-30 12:04:03') AND (base_id=1 OR bread_id=1 OR fry_id=1)
2014-04-19T23:59:25+02:00 SELECT * FROM Orders WHERE (timePlaced >= '2014-03-30 12:04:03' AND timePlaced <= '2014-04-30 12:04:03') AND (base_id=1 OR bread_id=1 OR fry_id=1)
2014-04-19T23:59:35+02:00 SELECT * FROM Orders WHERE (timePlaced >= '2014-03-30 12:04:03' AND timePlaced <= '2014-04-30 12:04:03') AND (base_id=1 OR bread_id=1 OR fry_id=1)
2014-04-20T00:00:02+02:00 SELECT * FROM Orders WHERE (timePlaced >= '2014-03-30 12:04:03' AND timePlaced <= '2014-04-30 12:04:03') AND (base_id=1 OR bread_id=1 OR fry_id=1)
2014-04-20T00:00:22+02:00 SELECT * FROM Orders WHERE (timePlaced >= '2014-03-30 12:04:03' AND timePlaced <= '2014-04-30 12:04:03') AND (base_id=1 OR bread_id=1 OR fry_id=1)
2014-04-20T00:01:08+02:00 SELECT * FROM Orders WHERE (timePlaced >= '2014-03-30 12:04:03' AND timePlaced <= '2014-04-30 12:04:03') AND (base_id=1 OR bread_id=1 OR fry_id=1)
2014-04-20T00:02:38+02:00 SELECT * FROM Orders WHERE (timePlaced >= '2014-03-30 12:04:03' AND timePlaced <= '2014-04-30 12:04:03') AND (base_id=1 OR bread_id=1 OR fry_id=1)
2014-04-20T00:03:17+02:00 SELECT * FROM Orders WHERE (timePlaced >= '2014-03-30 12:04:03' AND timePlaced <= '2014-04-30 12:04:03') AND (base_id=1 OR bread_id=1 OR fry_id=1)
2014-04-20T00:03:27+02:00 SELECT * FROM Orders WHERE (timePlaced >= '2014-03-30 12:04:03' AND timePlaced <= '2014-04-30 12:04:03') AND (base_id=1 OR bread_id=1 OR fry_id=1)
2014-04-20T00:03:53+02:00 SELECT * FROM Orders WHERE (timePlaced >= '2014-03-30 12:04:03' AND timePlaced <= '2014-04-30 12:04:03') AND (base_id=1 OR bread_id=1 OR fry_id=1)
2014-04-20T00:04:05+02:00 SELECT * FROM Orders WHERE (timePlaced >= '2014-03-30 12:04:03' AND timePlaced <= '2014-04-30 12:04:03') AND (base_id=1 OR bread_id=1 OR fry_id=1)
2014-04-20T00:04:21+02:00 SELECT * FROM Orders WHERE (timePlaced >= '2014-03-30 12:04:03' AND timePlaced <= '2014-04-30 12:04:03') AND (base_id=1 OR bread_id=1 OR fry_id=1)
2014-04-20T00:04:47+02:00 SELECT * FROM Orders WHERE (timePlaced >= '2014-03-30 12:04:03' AND timePlaced <= '2014-04-30 12:04:03') AND (base_id=1 OR bread_id=1 OR fry_id=1)
2014-04-20T00:05:05+02:00 SELECT * FROM Orders WHERE (timePlaced >= '2014-03-30 12:04:03' AND timePlaced <= '2014-04-30 12:04:03') AND (base_id=1 OR bread_id=1 OR fry_id=1)
2014-04-20T00:05:13+02:00 SELECT * FROM Orders WHERE (timePlaced >= '2014-03-30 12:04:03' AND timePlaced <= '2014-04-30 12:04:03') AND (base_id=1 OR bread_id=1 OR fry_id=1)
2014-04-20T00:05:27+02:00 SELECT * FROM Orders WHERE (timePlaced >= '2014-03-30 12:04:03' AND timePlaced <= '2014-04-30 12:04:03') AND (base_id=1 OR bread_id=1 OR fry_id=1)
2014-04-20T00:07:46+02:00 SELECT * FROM Orders WHERE (timePlaced >= '2014-03-30 12:04:03' AND timePlaced <= '2014-04-30 12:04:03') AND (base_id=1 OR bread_id=1 OR fry_id=1)
2014-04-20T00:08:01+02:00 SELECT * FROM Orders WHERE (timePlaced >= '2014-03-30 12:04:03' AND timePlaced <= '2014-04-30 12:04:03') AND (base_id=1 OR bread_id=1 OR fry_id=1)
2014-04-20T00:10:18+02:00 SELECT * FROM Orders WHERE (timePlaced >= '2014-03-30 12:04:03' AND timePlaced <= '2014-04-30 12:04:03') AND (base_id=1 OR bread_id=1 OR fry_id=1)
2014-04-20T00:10:39+02:00 SELECT * FROM Orders WHERE (timePlaced >= '2014-03-30 12:04:03' AND timePlaced <= '2014-04-30 12:04:03') AND (base_id=1 OR bread_id=1 OR fry_id=1)
2014-04-20T00:11:25+02:00 SELECT * FROM Orders WHERE (timePlaced >= '2014-03-30 12:04:03' AND timePlaced <= '2014-04-30 12:04:03') AND (base_id=1 OR bread_id=1 OR fry_id=1)
2014-04-20T00:12:08+02:00 SELECT * FROM Orders WHERE (timePlaced >= '2014-03-30 12:04:03' AND timePlaced <= '2014-04-30 12:04:03') AND (base_id=1 OR bread_id=1 OR fry_id=1)
2014-04-20T00:12:54+02:00 SELECT * FROM Orders WHERE (timePlaced >= '2014-03-30 12:04:03' AND timePlaced <= '2014-04-30 12:04:03') AND (base_id=1 OR bread_id=1 OR fry_id=1)
2014-04-20T00:13:12+02:00 SELECT * FROM Orders WHERE (timePlaced >= '2014-03-30 12:04:03' AND timePlaced <= '2014-04-30 12:04:03') AND (base_id=1 OR bread_id=1 OR fry_id=1)
2014-04-20T00:13:26+02:00 SELECT * FROM Orders WHERE (timePlaced >= '2014-03-30 12:04:03' AND timePlaced <= '2014-04-30 12:04:03') AND (base_id=1 OR bread_id=1 OR fry_id=1)
2014-04-20T00:14:39+02:00 SELECT * FROM Orders WHERE (timePlaced >= '2014-03-30 12:04:03' AND timePlaced <= '2014-04-30 12:04:03') AND (base_id=1 OR bread_id=1 OR fry_id=1)
2014-04-20T00:16:48+02:00 SELECT * FROM Orders WHERE (timePlaced >= '2014-03-30 12:04:03' AND timePlaced <= '2014-04-30 12:04:03') AND (base_id=1 OR bread_id=1 OR fry_id=1)
2014-04-20T00:18:07+02:00 SELECT * FROM Orders WHERE (timePlaced >= '2014-03-30 12:04:03' AND timePlaced <= '2014-04-30 12:04:03') AND (base_id=1 OR bread_id=1 OR fry_id=1)
2014-04-20T00:18:40+02:00 SELECT * FROM Orders WHERE (timePlaced >= '2014-03-30 12:04:03' AND timePlaced <= '2014-04-30 12:04:03') AND (base_id=1 OR bread_id=1 OR fry_id=1)
2014-04-20T00:18:41+02:00 SELECT * FROM Orders WHERE (timePlaced >= '2014-03-30 12:04:03' AND timePlaced <= '2014-04-30 12:04:03') AND (base_id=1 OR bread_id=1 OR fry_id=1)
2014-04-20T00:18:42+02:00 SELECT * FROM Orders WHERE (timePlaced >= '2014-03-30 12:04:03' AND timePlaced <= '2014-04-30 12:04:03') AND (base_id=1 OR bread_id=1 OR fry_id=1)
2014-04-20T00:18:45+02:00 SELECT * FROM Orders WHERE (timePlaced >= '2014-03-30 12:04:03' AND timePlaced <= '2014-04-30 12:04:03') AND (base_id=1 OR bread_id=1 OR fry_id=1)
2014-04-20T00:18:47+02:00 SELECT * FROM Orders WHERE (timePlaced >= '2014-03-30 12:04:03' AND timePlaced <= '2014-04-30 12:04:03') AND (base_id=1 OR bread_id=1 OR fry_id=1)
2014-04-20T00:18:57+02:00 SELECT * FROM Orders WHERE (timePlaced >= '2014-03-30 12:04:03' AND timePlaced <= '2014-04-30 12:04:03') AND (base_id=1 OR bread_id=1 OR fry_id=1)
2014-04-20T00:19:02+02:00 SELECT * FROM Orders WHERE (timePlaced >= '2014-03-30 12:04:03' AND timePlaced <= '2014-04-30 12:04:03') AND (base_id=1 OR bread_id=1 OR fry_id=1)
2014-04-20T00:19:04+02:00 SELECT * FROM Orders WHERE (timePlaced >= '2014-03-30 12:04:03' AND timePlaced <= '2014-04-30 12:04:03') AND (base_id=1 OR bread_id=1 OR fry_id=1)
2014-04-20T00:19:56+02:00 SELECT * FROM Orders WHERE (timePlaced >= '2014-03-30 12:04:03' AND timePlaced <= '2014-04-30 12:04:03') AND (base_id=1 OR bread_id=1 OR fry_id=1)
2014-04-20T00:22:54+02:00 SELECT * FROM Orders WHERE (timePlaced >= '2014-03-30 12:04:03' AND timePlaced <= '2014-04-30 12:04:03') AND (base_id=1 OR bread_id=1 OR fry_id=1)
2014-04-20T00:23:17+02:00 SELECT * FROM Orders WHERE (timePlaced >= '2014-03-30 12:04:03' AND timePlaced <= '2014-04-30 12:04:03') AND (base_id=1 OR bread_id=1 OR fry_id=1)
2014-04-20T00:23:18+02:00 SELECT * FROM Orders WHERE (timePlaced >= '2014-03-30 12:04:03' AND timePlaced <= '2014-04-30 12:04:03') AND (base_id=1 OR bread_id=1 OR fry_id=1)
2014-04-20T00:23:29+02:00 SELECT * FROM Orders WHERE (timePlaced >= '2014-03-30 12:04:03' AND timePlaced <= '2014-04-30 12:04:03') AND (base_id=1 OR bread_id=1 OR fry_id=1)
2014-04-20T00:23:37+02:00 SELECT * FROM Orders WHERE (timePlaced >= '2014-03-30 12:04:03' AND timePlaced <= '2014-04-30 12:04:03') AND (base_id=1 OR bread_id=1 OR fry_id=1)
2014-04-20T00:23:40+02:00 SELECT * FROM Orders WHERE (timePlaced >= '2014-03-30 12:04:03' AND timePlaced <= '2014-04-30 12:04:03') AND (base_id=1 OR bread_id=1 OR fry_id=1)
2014-04-20T00:23:43+02:00 SELECT * FROM Orders WHERE (timePlaced >= '2014-03-30 12:04:03' AND timePlaced <= '2014-04-30 12:04:03') AND (base_id=1 OR bread_id=1 OR fry_id=1)
2014-04-20T00:24:05+02:00 SELECT * FROM Orders WHERE (timePlaced >= '2014-03-30 12:04:03' AND timePlaced <= '2014-04-30 12:04:03') AND (base_id=1 OR bread_id=1 OR fry_id=1)
2014-04-20T00:24:13+02:00 SELECT * FROM Orders WHERE (timePlaced >= '2014-03-30 12:04:03' AND timePlaced <= '2014-04-30 12:04:03') AND (base_id=1 OR bread_id=1 OR fry_id=1)
2014-04-20T00:24:16+02:00 SELECT * FROM Orders WHERE (timePlaced >= '2014-03-30 12:04:03' AND timePlaced <= '2014-04-30 12:04:03') AND (base_id=1 OR bread_id=1 OR fry_id=1)
2014-04-20T00:24:18+02:00 SELECT * FROM Orders WHERE (timePlaced >= '2014-03-30 12:04:03' AND timePlaced <= '2014-04-30 12:04:03') AND (base_id=1 OR bread_id=1 OR fry_id=1)
2014-04-20T00:24:22+02:00 SELECT * FROM Orders WHERE (timePlaced >= '2014-03-30 12:04:03' AND timePlaced <= '2014-04-30 12:04:03') AND (base_id=1 OR bread_id=1 OR fry_id=1)
2014-04-20T00:26:37+02:00 SELECT * FROM Orders WHERE (timePlaced >= '2014-03-30 12:04:03' AND timePlaced <= '2014-04-30 12:04:03') AND (base_id=1 OR bread_id=1 OR fry_id=1)
2014-04-20T00:34:35+02:00 SELECT * FROM Orders WHERE (timePlaced >= '2014-03-30 12:04:03' AND timePlaced <= '2014-04-30 12:04:03') AND (base_id=1 OR bread_id=1 OR fry_id=1)
2014-04-20T00:35:04+02:00 SELECT * FROM Orders WHERE (timePlaced >= '2014-03-30 12:04:03' AND timePlaced <= '2014-04-30 12:04:03') AND (base_id=1 OR bread_id=1 OR fry_id=1)
2014-04-20T00:35:05+02:00 SELECT * FROM Orders WHERE (timePlaced >= '2014-03-30 12:04:03' AND timePlaced <= '2014-04-30 12:04:03') AND (base_id=1 OR bread_id=1 OR fry_id=1)
2014-04-20T00:35:45+02:00 SELECT * FROM Orders WHERE (timePlaced >= '2014-03-30 12:04:03' AND timePlaced <= '2014-04-30 12:04:03') AND (base_id=1 OR bread_id=1 OR fry_id=1)
2014-04-20T00:36:05+02:00 SELECT * FROM Orders WHERE (timePlaced >= '2014-03-30 12:04:03' AND timePlaced <= '2014-04-30 12:04:03') AND (base_id=1 OR bread_id=1 OR fry_id=1)
2014-04-20T00:36:15+02:00 SELECT * FROM Orders WHERE (timePlaced >= '2014-03-30 12:04:03' AND timePlaced <= '2014-04-30 12:04:03') AND (base_id=1 OR bread_id=1 OR fry_id=1)
2014-04-20T00:36:33+02:00 SELECT * FROM Orders WHERE (timePlaced >= '2014-03-30 12:04:03' AND timePlaced <= '2014-04-30 12:04:03') AND (base_id=1 OR bread_id=1 OR fry_id=1)
2014-04-20T00:36:53+02:00 SELECT * FROM Orders WHERE (timePlaced >= '2014-03-30 12:04:03' AND timePlaced <= '2014-04-30 12:04:03') AND (base_id=1 OR bread_id=1 OR fry_id=1)
2014-04-20T00:37:47+02:00 SELECT * FROM Orders WHERE (timePlaced >= '2014-03-30 12:04:03' AND timePlaced <= '2014-04-30 12:04:03') AND (base_id=1 OR bread_id=1 OR fry_id=1)
2014-04-20T00:37:48+02:00 SELECT * FROM Orders WHERE (timePlaced >= '2014-03-30 12:04:03' AND timePlaced <= '2014-04-30 12:04:03') AND (base_id=1 OR bread_id=1 OR fry_id=1)
2014-04-20T00:37:50+02:00 SELECT * FROM Orders WHERE (timePlaced >= '2014-03-30 12:04:03' AND timePlaced <= '2014-04-30 12:04:03') AND (base_id=1 OR bread_id=1 OR fry_id=1)
2014-04-20T00:37:55+02:00 SELECT * FROM Orders WHERE (timePlaced >= '2014-03-30 12:04:03' AND timePlaced <= '2014-04-30 12:04:03') AND (base_id=1 OR bread_id=1 OR fry_id=1)
2014-04-20T00:38:54+02:00 SELECT * FROM Orders WHERE (timePlaced >= '2014-03-30 12:04:03' AND timePlaced <= '2014-04-30 12:04:03') AND (base_id=1 OR bread_id=1 OR fry_id=1)
2014-04-20T00:38:56+02:00 SELECT * FROM Orders WHERE (timePlaced >= '2014-03-30 12:04:03' AND timePlaced <= '2014-04-30 12:04:03') AND (base_id=1 OR bread_id=1 OR fry_id=1)
2014-04-20T00:49:40+02:00 SELECT * FROM Orders WHERE (timePlaced >= '2014-03-30 12:04:03' AND timePlaced <= '2014-04-30 12:04:03') AND (base_id=1 OR bread_id=1 OR fry_id=1)
2014-04-20T00:50:04+02:00 SELECT * FROM Orders WHERE (timePlaced >= '2014-03-30 12:04:03' AND timePlaced <= '2014-04-30 12:04:03') AND (base_id=1 OR bread_id=1 OR fry_id=1)
2014-04-20T00:50:52+02:00 SELECT COUNT(*) AS count FROM Orders WHERE (timePlaced >= '2014-03-30 12:04:03' AND timePlaced <= '2014-04-30 12:04:03') AND (base_id=1 OR bread_id=1 OR fry_id=1)
2014-04-20T00:51:19+02:00 SELECT COUNT(*) AS count FROM Orders WHERE (timePlaced >= '2014-03-30 12:04:03' AND timePlaced <= '2014-04-30 12:04:03') AND (base_id=1 OR bread_id=1 OR fry_id=1)
2014-04-20T00:56:19+02:00 SELECT COUNT(*) AS count FROM Orders WHERE (timePlaced >= '2014-03-30 12:04:03' AND timePlaced <= '2014-04-30 12:04:03') AND (base_id=1 OR bread_id=1 OR fry_id=1)
2014-04-20T00:57:15+02:00 SELECT COUNT(*) AS count FROM Orders WHERE (timePlaced >= '2014-03-30 12:04:03' AND timePlaced <= '2014-04-30 12:04:03') AND (base_id=1 OR bread_id=1 OR fry_id=1)
2014-04-20T00:57:24+02:00 SELECT COUNT(*) AS count FROM Orders WHERE (timePlaced >= '2014-03-30 12:04:03' AND timePlaced <= '2014-04-30 12:04:03') AND (base_id=1 OR bread_id=1 OR fry_id=1)
2014-04-20T00:59:32+02:00 SELECT COUNT(*) AS count FROM Orders WHERE (timePlaced >= '2014-03-30 12:04:03' AND timePlaced <= '2014-04-30 12:04:03') AND (base_id=1 OR bread_id=1 OR fry_id=1)
2014-04-20T01:00:33+02:00 SELECT COUNT(*) AS count FROM Orders WHERE (timePlaced >= '2014-03-30 12:04:03' AND timePlaced <= '2014-04-30 12:04:03') AND (base_id=1 OR bread_id=1 OR fry_id=1)
2014-04-20T01:01:00+02:00 SELECT COUNT(*) AS count FROM Orders WHERE (timePlaced >= '2014-03-30 12:04:03' AND timePlaced <= '2014-04-30 12:04:03') AND (base_id=1 OR bread_id=1 OR fry_id=1)
2014-04-20T01:02:39+02:00 SELECT COUNT(*) AS count FROM Orders WHERE (timePlaced >= '2014-03-30 12:04:03' AND timePlaced <= '2014-04-30 12:04:03') AND (base_id=1 OR bread_id=1 OR fry_id=1)
2014-04-20T01:02:57+02:00 SELECT COUNT(*) AS count FROM Orders WHERE (timePlaced >= '2014-03-30 12:04:03' AND timePlaced <= '2014-04-30 12:04:03') AND (base_id=1 OR bread_id=1 OR fry_id=1)
2014-04-20T01:05:02+02:00 SELECT COUNT(*) AS count FROM Orders WHERE (base_id=1)
2014-04-20T01:10:04+02:00 SELECT COUNT(*) AS count FROM Orders WHERE (base_id=1)
2014-04-20T01:14:48+02:00 SELECT COUNT(*) AS count FROM Orders WHERE 
2014-04-20T01:15:00+02:00 SELECT COUNT(*) AS count FROM Orders WHERE 
2014-04-22T22:07:38+02:00 SELECT COUNT(*) AS count FROM Orders WHERE (base_id=1 OR base_id=2 OR base_id=3 OR base_id=4)
2014-04-22T22:11:39+02:00 SELECT COUNT(*) AS count FROM Orders WHERE (base_id=1)
2014-04-22T22:14:45+02:00 SELECT COUNT(*) AS count FROM Orders WHERE (base_id=1)
2014-04-22T22:17:12+02:00 SELECT COUNT(*) AS count FROM Orders WHERE (base_id=1)
2014-04-22T22:17:36+02:00 SELECT COUNT(*) AS count FROM Orders WHERE (base_id=1)
2014-04-22T22:19:10+02:00 SELECT COUNT(*) AS count FROM Orders WHERE (base_id=1)
2014-04-22T22:19:27+02:00 SELECT COUNT(*) AS count FROM Orders WHERE (base_id=1)
2014-04-22T22:20:41+02:00 SELECT COUNT(*) AS count FROM Orders WHERE (base_id=1)
2014-04-22T22:21:20+02:00 SELECT COUNT(*) AS count FROM Orders WHERE (base_id=1)
2014-04-22T22:23:02+02:00 SELECT COUNT(*) AS count FROM Orders WHERE (base_id=1)
2014-04-22T22:23:10+02:00 SELECT COUNT(*) AS count FROM Orders WHERE (base_id=1)
2014-04-22T22:23:25+02:00 SELECT COUNT(*) AS count FROM Orders WHERE (base_id=1)
2014-04-22T22:29:37+02:00 SELECT COUNT(*) AS count FROM Orders WHERE (base_id=1)
2014-04-23T00:11:02+02:00 SELECT COUNT(*) AS count FROM Orders WHERE (base_id=1)
2014-04-23T00:11:38+02:00 SELECT COUNT(*) AS count FROM Orders WHERE (base_id=1)
2014-04-23T00:12:00+02:00 SELECT COUNT(*) AS count FROM Orders WHERE (base_id=1)
2014-04-23T00:12:48+02:00 SELECT COUNT(*) AS count FROM Orders WHERE (base_id=1)
2014-04-23T00:13:54+02:00 SELECT COUNT(*) AS count FROM Orders WHERE (base_id=1)
2014-04-23T00:14:51+02:00 SELECT COUNT(*) AS count FROM Orders WHERE (base_id=1)
2014-04-23T00:15:01+02:00 SELECT COUNT(*) AS count FROM Orders WHERE (base_id=1)
2014-04-23T00:15:23+02:00 SELECT COUNT(*) AS count FROM Orders WHERE (base_id=1)
2014-04-23T00:15:50+02:00 SELECT COUNT(*) AS count FROM Orders WHERE (base_id=1)
2014-04-23T00:18:46+02:00 SELECT COUNT(*) AS count FROM Orders WHERE (base_id=1)
2014-04-23T00:19:46+02:00 SELECT COUNT(*) AS count FROM Orders WHERE (base_id=1)
2014-04-23T00:20:39+02:00 SELECT COUNT(*) AS count FROM Orders WHERE (base_id=1)
2014-04-23T00:21:11+02:00 SELECT COUNT(*) AS count FROM Orders WHERE (base_id=1)
2014-04-23T00:22:14+02:00 SELECT COUNT(*) AS count FROM Orders WHERE (base_id=1)
2014-04-23T00:22:38+02:00 SELECT COUNT(*) AS count FROM Orders WHERE (base_id=1)
2014-04-23T00:25:12+02:00 SELECT COUNT(*) AS count FROM Orders WHERE (base_id=1)
2014-04-23T00:26:17+02:00 SELECT COUNT(*) AS count FROM Orders WHERE (base_id=1)
2014-04-23T00:26:53+02:00 SELECT COUNT(*) AS count FROM Orders WHERE (base_id=1)
2014-04-23T00:26:55+02:00 SELECT COUNT(*) AS count FROM Orders WHERE (base_id=1)
2014-04-23T00:28:00+02:00 SELECT COUNT(*) AS count FROM Orders WHERE (base_id=1)
2014-04-23T00:28:32+02:00 SELECT COUNT(*) AS count FROM Orders WHERE (base_id=1)
2014-04-23T00:32:50+02:00 SELECT COUNT(*) AS count FROM Orders WHERE (base_id=1)
2014-04-23T00:33:11+02:00 SELECT COUNT(*) AS count FROM Orders WHERE (base_id=1)
2014-04-23T00:34:49+02:00 SELECT COUNT(*) AS count FROM Orders WHERE (base_id=1)
2014-04-23T00:36:40+02:00 SELECT COUNT(*) AS count FROM Orders WHERE (base_id=1)
2014-04-23T00:37:07+02:00 SELECT COUNT(*) AS count FROM Orders WHERE (base_id=1)
2014-04-23T00:38:00+02:00 SELECT COUNT(*) AS count FROM Orders WHERE (base_id=1)
2014-04-23T00:38:30+02:00 SELECT COUNT(*) AS count FROM Orders WHERE (base_id=1)
2014-04-23T00:39:00+02:00 SELECT COUNT(*) AS count FROM Orders WHERE (base_id=1)
2014-04-23T00:39:24+02:00 SELECT COUNT(*) AS count FROM Orders WHERE (base_id=1)
2014-04-23T02:08:43+02:00 SELECT COUNT(*) AS count FROM Orders WHERE (base_id=1)
2014-04-23T02:09:07+02:00 SELECT COUNT(*) AS count FROM Orders WHERE (base_id=1)
2014-04-23T02:09:33+02:00 SELECT COUNT(*) AS count FROM Orders WHERE (base_id=1)
2014-04-23T02:09:58+02:00 SELECT COUNT(*) AS count FROM Orders WHERE (base_id=1)
2014-04-23T02:11:13+02:00 SELECT COUNT(*) AS count FROM Orders WHERE (base_id=1)
2014-04-23T02:11:41+02:00 SELECT COUNT(*) AS count FROM Orders WHERE (base_id=1)
2014-04-23T02:12:46+02:00 SELECT COUNT(*) AS count FROM Orders WHERE (base_id=1)
2014-04-23T02:13:10+02:00 SELECT COUNT(*) AS count FROM Orders WHERE (base_id=1)
2014-04-23T02:14:21+02:00 SELECT COUNT(*) AS count FROM Orders WHERE (base_id=1)
2014-04-23T02:15:15+02:00 SELECT COUNT(*) AS count FROM Orders WHERE (base_id=1)
2014-04-23T02:20:23+02:00 SELECT COUNT(*) AS count FROM Orders WHERE (base_id=1)
2014-04-23T02:30:06+02:00 SELECT COUNT(*) AS count FROM Orders WHERE (base_id=1)
2014-04-23T02:31:01+02:00 SELECT COUNT(*) AS count FROM Orders WHERE (base_id=1)
2014-04-23T02:31:03+02:00 SELECT COUNT(*) AS count FROM Orders WHERE (base_id=1)
2014-04-23T02:31:54+02:00 SELECT COUNT(*) AS count FROM Orders WHERE (base_id=1)
2014-04-23T02:32:26+02:00 SELECT COUNT(*) AS count FROM Orders WHERE (base_id=1)
2014-04-23T02:32:30+02:00 SELECT COUNT(*) AS count FROM Orders WHERE (base_id=1)
